<?xml version="1.0" encoding="UTF-8"?>
<!-- Generated by org.testng.reporters.JUnitReportReporter -->
<testsuite hostname="DESKTOP-QHEU55U" name="Table_Handling.WebTableHandling" tests="1" failures="0" timestamp="17 May 2020 18:33:07 GMT" time="1.646" errors="0">
  <testcase name="webtableHandling" time="1.646" classname="Table_Handling.WebTableHandling"/>
</testsuite> <!-- Table_Handling.WebTableHandling -->
